<?xml version="1.0" encoding="UTF-8"?>
<!-- Generated by org.testng.reporters.JUnitReportReporter -->
<testsuite skipped="0" hostname="LAPTOP-0KRJ83MC" name="org.makeMyTrip.qa.testcases.LoginPageTest" tests="2" failures="0" timestamp="08 Jun 2020 06:08:30 GMT" time="39.163" errors="0">
  <testcase name="loginPageTitleTest" time="22.482" classname="org.makeMyTrip.qa.testcases.LoginPageTest"/>
  <testcase name="loginTest" time="16.681" classname="org.makeMyTrip.qa.testcases.LoginPageTest"/>
</testsuite> <!-- org.makeMyTrip.qa.testcases.LoginPageTest -->
