<?xml version="1.0" encoding="UTF-8"?>
<!-- Generated by org.testng.reporters.JUnitReportReporter -->
<testsuite skipped="0" hostname="LAPTOP-0KRJ83MC" name="org.makeMyTrip.qa.testcases.DealsPageTest" tests="3" failures="0" timestamp="08 Jun 2020 05:48:05 GMT" time="90.146" errors="0">
  <testcase name="verifyCreateNewDeal" time="22.497" classname="org.makeMyTrip.qa.testcases.DealsPageTest"/>
  <testcase name="verifyCreateNewDeal" time="29.349" classname="org.makeMyTrip.qa.testcases.DealsPageTest"/>
  <testcase name="verifyCreateNewDeal" time="38.300" classname="org.makeMyTrip.qa.testcases.DealsPageTest"/>
</testsuite> <!-- org.makeMyTrip.qa.testcases.DealsPageTest -->
