<?xml version="1.0" encoding="UTF-8"?>
<!-- Generated by org.testng.reporters.JUnitReportReporter -->
<testsuite skipped="0" hostname="LAPTOP-0KRJ83MC" name="org.makeMyTrip.qa.testcases.HomePageTest" tests="4" failures="0" timestamp="08 Jun 2020 06:08:30 GMT" time="76.728" errors="0">
  <testcase name="verifyUserLabelTest" time="13.670" classname="org.makeMyTrip.qa.testcases.HomePageTest"/>
  <testcase name="verifyContactsLinkTest" time="21.671" classname="org.makeMyTrip.qa.testcases.HomePageTest"/>
  <testcase name="verifyHomePageTitleTest" time="11.631" classname="org.makeMyTrip.qa.testcases.HomePageTest"/>
  <testcase name="verifyDealsLinkTest" time="29.756" classname="org.makeMyTrip.qa.testcases.HomePageTest"/>
</testsuite> <!-- org.makeMyTrip.qa.testcases.HomePageTest -->
