<?xml version="1.0" encoding="UTF-8"?>
<!-- Generated by org.testng.reporters.JUnitReportReporter -->
<testsuite skipped="0" hostname="LAPTOP-0KRJ83MC" name="org.makeMyTrip.qa.testcases.ContactsPageTest" tests="2" failures="0" timestamp="08 Jun 2020 06:08:30 GMT" time="28.743" errors="0">
  <testcase name="selectContactTest" time="15.404" classname="org.makeMyTrip.qa.testcases.ContactsPageTest"/>
  <testcase name="verifyContactsPageLabel" time="13.339" classname="org.makeMyTrip.qa.testcases.ContactsPageTest"/>
</testsuite> <!-- org.makeMyTrip.qa.testcases.ContactsPageTest -->
